C:\USERS\GARY CHIEN\DROPBOX\COMPUTER VISION PROJECTS\VISUAL STUDIO 2010\EXPERIMENTATION\DYNAMICCOLORTRACKER\DEBUG\DYNAMICCOLORTRACKER.EXE
C:\USERS\GARY CHIEN\DROPBOX\COMPUTER VISION PROJECTS\VISUAL STUDIO 2010\EXPERIMENTATION\DYNAMICCOLORTRACKER\DEBUG\DYNAMICCOLORTRACKER.ILK
C:\USERS\GARY CHIEN\DROPBOX\COMPUTER VISION PROJECTS\VISUAL STUDIO 2010\EXPERIMENTATION\DYNAMICCOLORTRACKER\DEBUG\DYNAMICCOLORTRACKER.PDB
C:\Users\Gary Chien\Dropbox\Computer Vision Projects\Visual Studio 2010\Experimentation\DynamicColorTracker\DynamicColorTracker\Debug\cl.command.1.tlog
C:\Users\Gary Chien\Dropbox\Computer Vision Projects\Visual Studio 2010\Experimentation\DynamicColorTracker\DynamicColorTracker\Debug\CL.read.1.tlog
C:\Users\Gary Chien\Dropbox\Computer Vision Projects\Visual Studio 2010\Experimentation\DynamicColorTracker\DynamicColorTracker\Debug\CL.write.1.tlog
C:\USERS\GARY CHIEN\DROPBOX\COMPUTER VISION PROJECTS\VISUAL STUDIO 2010\EXPERIMENTATION\DYNAMICCOLORTRACKER\DYNAMICCOLORTRACKER\DEBUG\COLORSQUARE.OBJ
C:\USERS\GARY CHIEN\DROPBOX\COMPUTER VISION PROJECTS\VISUAL STUDIO 2010\EXPERIMENTATION\DYNAMICCOLORTRACKER\DYNAMICCOLORTRACKER\DEBUG\DYNAMICCOLORTRACKER.EXE.EMBED.MANIFEST
C:\USERS\GARY CHIEN\DROPBOX\COMPUTER VISION PROJECTS\VISUAL STUDIO 2010\EXPERIMENTATION\DYNAMICCOLORTRACKER\DYNAMICCOLORTRACKER\DEBUG\DYNAMICCOLORTRACKER.EXE.EMBED.MANIFEST.RES
C:\USERS\GARY CHIEN\DROPBOX\COMPUTER VISION PROJECTS\VISUAL STUDIO 2010\EXPERIMENTATION\DYNAMICCOLORTRACKER\DYNAMICCOLORTRACKER\DEBUG\DYNAMICCOLORTRACKER.EXE.INTERMEDIATE.MANIFEST
C:\Users\Gary Chien\Dropbox\Computer Vision Projects\Visual Studio 2010\Experimentation\DynamicColorTracker\DynamicColorTracker\Debug\DynamicColorTracker.vcxprojResolveAssemblyReference.cache
C:\Users\Gary Chien\Dropbox\Computer Vision Projects\Visual Studio 2010\Experimentation\DynamicColorTracker\DynamicColorTracker\Debug\DynamicColorTracker.write.1.tlog
C:\Users\Gary Chien\Dropbox\Computer Vision Projects\Visual Studio 2010\Experimentation\DynamicColorTracker\DynamicColorTracker\Debug\DynamicColorTracker_manifest.rc
C:\Users\Gary Chien\Dropbox\Computer Vision Projects\Visual Studio 2010\Experimentation\DynamicColorTracker\DynamicColorTracker\Debug\link.2036.read.1.tlog
C:\Users\Gary Chien\Dropbox\Computer Vision Projects\Visual Studio 2010\Experimentation\DynamicColorTracker\DynamicColorTracker\Debug\link.2036.write.1.tlog
C:\Users\Gary Chien\Dropbox\Computer Vision Projects\Visual Studio 2010\Experimentation\DynamicColorTracker\DynamicColorTracker\Debug\link.2036-cvtres.read.1.tlog
C:\Users\Gary Chien\Dropbox\Computer Vision Projects\Visual Studio 2010\Experimentation\DynamicColorTracker\DynamicColorTracker\Debug\link.2036-cvtres.write.1.tlog
C:\Users\Gary Chien\Dropbox\Computer Vision Projects\Visual Studio 2010\Experimentation\DynamicColorTracker\DynamicColorTracker\Debug\link.2576.read.1.tlog
C:\Users\Gary Chien\Dropbox\Computer Vision Projects\Visual Studio 2010\Experimentation\DynamicColorTracker\DynamicColorTracker\Debug\link.2576.write.1.tlog
C:\Users\Gary Chien\Dropbox\Computer Vision Projects\Visual Studio 2010\Experimentation\DynamicColorTracker\DynamicColorTracker\Debug\link.2576-cvtres.read.1.tlog
C:\Users\Gary Chien\Dropbox\Computer Vision Projects\Visual Studio 2010\Experimentation\DynamicColorTracker\DynamicColorTracker\Debug\link.2576-cvtres.write.1.tlog
C:\Users\Gary Chien\Dropbox\Computer Vision Projects\Visual Studio 2010\Experimentation\DynamicColorTracker\DynamicColorTracker\Debug\link.2728.read.1.tlog
C:\Users\Gary Chien\Dropbox\Computer Vision Projects\Visual Studio 2010\Experimentation\DynamicColorTracker\DynamicColorTracker\Debug\link.2728.write.1.tlog
C:\Users\Gary Chien\Dropbox\Computer Vision Projects\Visual Studio 2010\Experimentation\DynamicColorTracker\DynamicColorTracker\Debug\link.2728-cvtres.read.1.tlog
C:\Users\Gary Chien\Dropbox\Computer Vision Projects\Visual Studio 2010\Experimentation\DynamicColorTracker\DynamicColorTracker\Debug\link.2728-cvtres.write.1.tlog
C:\Users\Gary Chien\Dropbox\Computer Vision Projects\Visual Studio 2010\Experimentation\DynamicColorTracker\DynamicColorTracker\Debug\link.2820.read.1.tlog
C:\Users\Gary Chien\Dropbox\Computer Vision Projects\Visual Studio 2010\Experimentation\DynamicColorTracker\DynamicColorTracker\Debug\link.2820.write.1.tlog
C:\Users\Gary Chien\Dropbox\Computer Vision Projects\Visual Studio 2010\Experimentation\DynamicColorTracker\DynamicColorTracker\Debug\link.2820-cvtres.read.1.tlog
C:\Users\Gary Chien\Dropbox\Computer Vision Projects\Visual Studio 2010\Experimentation\DynamicColorTracker\DynamicColorTracker\Debug\link.2820-cvtres.write.1.tlog
C:\Users\Gary Chien\Dropbox\Computer Vision Projects\Visual Studio 2010\Experimentation\DynamicColorTracker\DynamicColorTracker\Debug\link.3312.read.1.tlog
C:\Users\Gary Chien\Dropbox\Computer Vision Projects\Visual Studio 2010\Experimentation\DynamicColorTracker\DynamicColorTracker\Debug\link.3312.write.1.tlog
C:\Users\Gary Chien\Dropbox\Computer Vision Projects\Visual Studio 2010\Experimentation\DynamicColorTracker\DynamicColorTracker\Debug\link.3312-cvtres.read.1.tlog
C:\Users\Gary Chien\Dropbox\Computer Vision Projects\Visual Studio 2010\Experimentation\DynamicColorTracker\DynamicColorTracker\Debug\link.3312-cvtres.write.1.tlog
C:\Users\Gary Chien\Dropbox\Computer Vision Projects\Visual Studio 2010\Experimentation\DynamicColorTracker\DynamicColorTracker\Debug\link.3752.read.1.tlog
C:\Users\Gary Chien\Dropbox\Computer Vision Projects\Visual Studio 2010\Experimentation\DynamicColorTracker\DynamicColorTracker\Debug\link.3752.write.1.tlog
C:\Users\Gary Chien\Dropbox\Computer Vision Projects\Visual Studio 2010\Experimentation\DynamicColorTracker\DynamicColorTracker\Debug\link.3752-cvtres.read.1.tlog
C:\Users\Gary Chien\Dropbox\Computer Vision Projects\Visual Studio 2010\Experimentation\DynamicColorTracker\DynamicColorTracker\Debug\link.3752-cvtres.write.1.tlog
C:\Users\Gary Chien\Dropbox\Computer Vision Projects\Visual Studio 2010\Experimentation\DynamicColorTracker\DynamicColorTracker\Debug\link.3968.read.1.tlog
C:\Users\Gary Chien\Dropbox\Computer Vision Projects\Visual Studio 2010\Experimentation\DynamicColorTracker\DynamicColorTracker\Debug\link.3968.write.1.tlog
C:\Users\Gary Chien\Dropbox\Computer Vision Projects\Visual Studio 2010\Experimentation\DynamicColorTracker\DynamicColorTracker\Debug\link.3968-cvtres.read.1.tlog
C:\Users\Gary Chien\Dropbox\Computer Vision Projects\Visual Studio 2010\Experimentation\DynamicColorTracker\DynamicColorTracker\Debug\link.3968-cvtres.write.1.tlog
C:\Users\Gary Chien\Dropbox\Computer Vision Projects\Visual Studio 2010\Experimentation\DynamicColorTracker\DynamicColorTracker\Debug\link.3972.read.1.tlog
C:\Users\Gary Chien\Dropbox\Computer Vision Projects\Visual Studio 2010\Experimentation\DynamicColorTracker\DynamicColorTracker\Debug\link.3972.write.1.tlog
C:\Users\Gary Chien\Dropbox\Computer Vision Projects\Visual Studio 2010\Experimentation\DynamicColorTracker\DynamicColorTracker\Debug\link.3972-cvtres.read.1.tlog
C:\Users\Gary Chien\Dropbox\Computer Vision Projects\Visual Studio 2010\Experimentation\DynamicColorTracker\DynamicColorTracker\Debug\link.3972-cvtres.write.1.tlog
C:\Users\Gary Chien\Dropbox\Computer Vision Projects\Visual Studio 2010\Experimentation\DynamicColorTracker\DynamicColorTracker\Debug\link.4144.read.1.tlog
C:\Users\Gary Chien\Dropbox\Computer Vision Projects\Visual Studio 2010\Experimentation\DynamicColorTracker\DynamicColorTracker\Debug\link.4144.write.1.tlog
C:\Users\Gary Chien\Dropbox\Computer Vision Projects\Visual Studio 2010\Experimentation\DynamicColorTracker\DynamicColorTracker\Debug\link.4144-cvtres.read.1.tlog
C:\Users\Gary Chien\Dropbox\Computer Vision Projects\Visual Studio 2010\Experimentation\DynamicColorTracker\DynamicColorTracker\Debug\link.4144-cvtres.write.1.tlog
C:\Users\Gary Chien\Dropbox\Computer Vision Projects\Visual Studio 2010\Experimentation\DynamicColorTracker\DynamicColorTracker\Debug\link.4484.read.1.tlog
C:\Users\Gary Chien\Dropbox\Computer Vision Projects\Visual Studio 2010\Experimentation\DynamicColorTracker\DynamicColorTracker\Debug\link.4484.write.1.tlog
C:\Users\Gary Chien\Dropbox\Computer Vision Projects\Visual Studio 2010\Experimentation\DynamicColorTracker\DynamicColorTracker\Debug\link.4484-cvtres.read.1.tlog
C:\Users\Gary Chien\Dropbox\Computer Vision Projects\Visual Studio 2010\Experimentation\DynamicColorTracker\DynamicColorTracker\Debug\link.4484-cvtres.write.1.tlog
C:\Users\Gary Chien\Dropbox\Computer Vision Projects\Visual Studio 2010\Experimentation\DynamicColorTracker\DynamicColorTracker\Debug\link.5084.read.1.tlog
C:\Users\Gary Chien\Dropbox\Computer Vision Projects\Visual Studio 2010\Experimentation\DynamicColorTracker\DynamicColorTracker\Debug\link.5084.write.1.tlog
C:\Users\Gary Chien\Dropbox\Computer Vision Projects\Visual Studio 2010\Experimentation\DynamicColorTracker\DynamicColorTracker\Debug\link.5084-cvtres.read.1.tlog
C:\Users\Gary Chien\Dropbox\Computer Vision Projects\Visual Studio 2010\Experimentation\DynamicColorTracker\DynamicColorTracker\Debug\link.5084-cvtres.write.1.tlog
C:\Users\Gary Chien\Dropbox\Computer Vision Projects\Visual Studio 2010\Experimentation\DynamicColorTracker\DynamicColorTracker\Debug\link.5496.read.1.tlog
C:\Users\Gary Chien\Dropbox\Computer Vision Projects\Visual Studio 2010\Experimentation\DynamicColorTracker\DynamicColorTracker\Debug\link.5496.write.1.tlog
C:\Users\Gary Chien\Dropbox\Computer Vision Projects\Visual Studio 2010\Experimentation\DynamicColorTracker\DynamicColorTracker\Debug\link.5496-cvtres.read.1.tlog
C:\Users\Gary Chien\Dropbox\Computer Vision Projects\Visual Studio 2010\Experimentation\DynamicColorTracker\DynamicColorTracker\Debug\link.5496-cvtres.write.1.tlog
C:\Users\Gary Chien\Dropbox\Computer Vision Projects\Visual Studio 2010\Experimentation\DynamicColorTracker\DynamicColorTracker\Debug\link.5988.read.1.tlog
C:\Users\Gary Chien\Dropbox\Computer Vision Projects\Visual Studio 2010\Experimentation\DynamicColorTracker\DynamicColorTracker\Debug\link.5988.write.1.tlog
C:\Users\Gary Chien\Dropbox\Computer Vision Projects\Visual Studio 2010\Experimentation\DynamicColorTracker\DynamicColorTracker\Debug\link.5988-cvtres.read.1.tlog
C:\Users\Gary Chien\Dropbox\Computer Vision Projects\Visual Studio 2010\Experimentation\DynamicColorTracker\DynamicColorTracker\Debug\link.5988-cvtres.write.1.tlog
C:\Users\Gary Chien\Dropbox\Computer Vision Projects\Visual Studio 2010\Experimentation\DynamicColorTracker\DynamicColorTracker\Debug\link.6104.read.1.tlog
C:\Users\Gary Chien\Dropbox\Computer Vision Projects\Visual Studio 2010\Experimentation\DynamicColorTracker\DynamicColorTracker\Debug\link.6104.write.1.tlog
C:\Users\Gary Chien\Dropbox\Computer Vision Projects\Visual Studio 2010\Experimentation\DynamicColorTracker\DynamicColorTracker\Debug\link.6104-cvtres.read.1.tlog
C:\Users\Gary Chien\Dropbox\Computer Vision Projects\Visual Studio 2010\Experimentation\DynamicColorTracker\DynamicColorTracker\Debug\link.6104-cvtres.write.1.tlog
C:\Users\Gary Chien\Dropbox\Computer Vision Projects\Visual Studio 2010\Experimentation\DynamicColorTracker\DynamicColorTracker\Debug\link.6160.read.1.tlog
C:\Users\Gary Chien\Dropbox\Computer Vision Projects\Visual Studio 2010\Experimentation\DynamicColorTracker\DynamicColorTracker\Debug\link.6160.write.1.tlog
C:\Users\Gary Chien\Dropbox\Computer Vision Projects\Visual Studio 2010\Experimentation\DynamicColorTracker\DynamicColorTracker\Debug\link.6160-cvtres.read.1.tlog
C:\Users\Gary Chien\Dropbox\Computer Vision Projects\Visual Studio 2010\Experimentation\DynamicColorTracker\DynamicColorTracker\Debug\link.6160-cvtres.write.1.tlog
C:\Users\Gary Chien\Dropbox\Computer Vision Projects\Visual Studio 2010\Experimentation\DynamicColorTracker\DynamicColorTracker\Debug\link.7224.read.1.tlog
C:\Users\Gary Chien\Dropbox\Computer Vision Projects\Visual Studio 2010\Experimentation\DynamicColorTracker\DynamicColorTracker\Debug\link.7224.write.1.tlog
C:\Users\Gary Chien\Dropbox\Computer Vision Projects\Visual Studio 2010\Experimentation\DynamicColorTracker\DynamicColorTracker\Debug\link.7224-cvtres.read.1.tlog
C:\Users\Gary Chien\Dropbox\Computer Vision Projects\Visual Studio 2010\Experimentation\DynamicColorTracker\DynamicColorTracker\Debug\link.7224-cvtres.write.1.tlog
C:\Users\Gary Chien\Dropbox\Computer Vision Projects\Visual Studio 2010\Experimentation\DynamicColorTracker\DynamicColorTracker\Debug\link.7680.read.1.tlog
C:\Users\Gary Chien\Dropbox\Computer Vision Projects\Visual Studio 2010\Experimentation\DynamicColorTracker\DynamicColorTracker\Debug\link.7680.write.1.tlog
C:\Users\Gary Chien\Dropbox\Computer Vision Projects\Visual Studio 2010\Experimentation\DynamicColorTracker\DynamicColorTracker\Debug\link.7680-cvtres.read.1.tlog
C:\Users\Gary Chien\Dropbox\Computer Vision Projects\Visual Studio 2010\Experimentation\DynamicColorTracker\DynamicColorTracker\Debug\link.7680-cvtres.write.1.tlog
C:\Users\Gary Chien\Dropbox\Computer Vision Projects\Visual Studio 2010\Experimentation\DynamicColorTracker\DynamicColorTracker\Debug\link.7836.read.1.tlog
C:\Users\Gary Chien\Dropbox\Computer Vision Projects\Visual Studio 2010\Experimentation\DynamicColorTracker\DynamicColorTracker\Debug\link.7836.write.1.tlog
C:\Users\Gary Chien\Dropbox\Computer Vision Projects\Visual Studio 2010\Experimentation\DynamicColorTracker\DynamicColorTracker\Debug\link.7836-cvtres.read.1.tlog
C:\Users\Gary Chien\Dropbox\Computer Vision Projects\Visual Studio 2010\Experimentation\DynamicColorTracker\DynamicColorTracker\Debug\link.7836-cvtres.write.1.tlog
C:\Users\Gary Chien\Dropbox\Computer Vision Projects\Visual Studio 2010\Experimentation\DynamicColorTracker\DynamicColorTracker\Debug\link.8068.read.1.tlog
C:\Users\Gary Chien\Dropbox\Computer Vision Projects\Visual Studio 2010\Experimentation\DynamicColorTracker\DynamicColorTracker\Debug\link.8068.write.1.tlog
C:\Users\Gary Chien\Dropbox\Computer Vision Projects\Visual Studio 2010\Experimentation\DynamicColorTracker\DynamicColorTracker\Debug\link.8068-cvtres.read.1.tlog
C:\Users\Gary Chien\Dropbox\Computer Vision Projects\Visual Studio 2010\Experimentation\DynamicColorTracker\DynamicColorTracker\Debug\link.8068-cvtres.write.1.tlog
C:\Users\Gary Chien\Dropbox\Computer Vision Projects\Visual Studio 2010\Experimentation\DynamicColorTracker\DynamicColorTracker\Debug\link.900.read.1.tlog
C:\Users\Gary Chien\Dropbox\Computer Vision Projects\Visual Studio 2010\Experimentation\DynamicColorTracker\DynamicColorTracker\Debug\link.900.write.1.tlog
C:\Users\Gary Chien\Dropbox\Computer Vision Projects\Visual Studio 2010\Experimentation\DynamicColorTracker\DynamicColorTracker\Debug\link.900-cvtres.read.1.tlog
C:\Users\Gary Chien\Dropbox\Computer Vision Projects\Visual Studio 2010\Experimentation\DynamicColorTracker\DynamicColorTracker\Debug\link.900-cvtres.write.1.tlog
C:\Users\Gary Chien\Dropbox\Computer Vision Projects\Visual Studio 2010\Experimentation\DynamicColorTracker\DynamicColorTracker\Debug\link.908.read.1.tlog
C:\Users\Gary Chien\Dropbox\Computer Vision Projects\Visual Studio 2010\Experimentation\DynamicColorTracker\DynamicColorTracker\Debug\link.908.write.1.tlog
C:\Users\Gary Chien\Dropbox\Computer Vision Projects\Visual Studio 2010\Experimentation\DynamicColorTracker\DynamicColorTracker\Debug\link.908-cvtres.read.1.tlog
C:\Users\Gary Chien\Dropbox\Computer Vision Projects\Visual Studio 2010\Experimentation\DynamicColorTracker\DynamicColorTracker\Debug\link.908-cvtres.write.1.tlog
C:\Users\Gary Chien\Dropbox\Computer Vision Projects\Visual Studio 2010\Experimentation\DynamicColorTracker\DynamicColorTracker\Debug\link.command.1.tlog
C:\Users\Gary Chien\Dropbox\Computer Vision Projects\Visual Studio 2010\Experimentation\DynamicColorTracker\DynamicColorTracker\Debug\link.read.1.tlog
C:\Users\Gary Chien\Dropbox\Computer Vision Projects\Visual Studio 2010\Experimentation\DynamicColorTracker\DynamicColorTracker\Debug\link.write.1.tlog
C:\Users\Gary Chien\Dropbox\Computer Vision Projects\Visual Studio 2010\Experimentation\DynamicColorTracker\DynamicColorTracker\Debug\link-cvtres.read.1.tlog
C:\Users\Gary Chien\Dropbox\Computer Vision Projects\Visual Studio 2010\Experimentation\DynamicColorTracker\DynamicColorTracker\Debug\link-cvtres.write.1.tlog
C:\USERS\GARY CHIEN\DROPBOX\COMPUTER VISION PROJECTS\VISUAL STUDIO 2010\EXPERIMENTATION\DYNAMICCOLORTRACKER\DYNAMICCOLORTRACKER\DEBUG\MAIN.OBJ
C:\Users\Gary Chien\Dropbox\Computer Vision Projects\Visual Studio 2010\Experimentation\DynamicColorTracker\DynamicColorTracker\Debug\mt.command.1.tlog
C:\Users\Gary Chien\Dropbox\Computer Vision Projects\Visual Studio 2010\Experimentation\DynamicColorTracker\DynamicColorTracker\Debug\mt.read.1.tlog
C:\Users\Gary Chien\Dropbox\Computer Vision Projects\Visual Studio 2010\Experimentation\DynamicColorTracker\DynamicColorTracker\Debug\mt.write.1.tlog
C:\Users\Gary Chien\Dropbox\Computer Vision Projects\Visual Studio 2010\Experimentation\DynamicColorTracker\DynamicColorTracker\Debug\rc.command.1.tlog
C:\Users\Gary Chien\Dropbox\Computer Vision Projects\Visual Studio 2010\Experimentation\DynamicColorTracker\DynamicColorTracker\Debug\rc.read.1.tlog
C:\Users\Gary Chien\Dropbox\Computer Vision Projects\Visual Studio 2010\Experimentation\DynamicColorTracker\DynamicColorTracker\Debug\rc.write.1.tlog
C:\Users\Gary Chien\Dropbox\Computer Vision Projects\Visual Studio 2010\Experimentation\DynamicColorTracker\DynamicColorTracker\Debug\vc100.idb
C:\USERS\GARY CHIEN\DROPBOX\COMPUTER VISION PROJECTS\VISUAL STUDIO 2010\EXPERIMENTATION\DYNAMICCOLORTRACKER\DYNAMICCOLORTRACKER\DEBUG\VC100.PDB
