Build started 8/2/2014 4:28:38 PM.
     1>Project "C:\Users\Gary Chien\Dropbox\Computer Vision Projects\Visual Studio 2010\Experimentation\DynamicColorTracker\DynamicColorTracker\DynamicColorTracker.vcxproj" on node 2 (build target(s)).
     1>InitializeBuildStatus:
         Creating "Debug\DynamicColorTracker.unsuccessfulbuild" because "AlwaysCreate" was specified.
       ClCompile:
         C:\Program Files (x86)\Microsoft Visual Studio 10.0\VC\bin\CL.exe /c /ZI /nologo /W3 /WX- /Od /Oy- /D WIN32 /D _DEBUG /D _CONSOLE /D _UNICODE /D UNICODE /Gm /EHsc /RTC1 /MDd /GS /fp:precise /Zc:wchar_t /Zc:forScope /Fo"Debug\\" /Fd"Debug\vc100.pdb" /Gd /TP /analyze- /errorReport:prompt main.cpp
         main.cpp
       ManifestResourceCompile:
         All outputs are up-to-date.
       Link:
         C:\Program Files (x86)\Microsoft Visual Studio 10.0\VC\bin\link.exe /ERRORREPORT:PROMPT /OUT:"C:\Users\Gary Chien\Dropbox\Computer Vision Projects\Visual Studio 2010\Experimentation\DynamicColorTracker\Debug\DynamicColorTracker.exe" /INCREMENTAL /NOLOGO opencv_calib3d249d.lib opencv_contrib249d.lib opencv_core249d.lib opencv_features2d249d.lib opencv_flann249d.lib opencv_gpu249d.lib opencv_highgui249d.lib opencv_imgproc249d.lib opencv_legacy249d.lib opencv_ml249d.lib opencv_nonfree249d.lib opencv_objdetect249d.lib opencv_ocl249d.lib opencv_photo249d.lib opencv_stitching249d.lib opencv_superres249d.lib opencv_ts249d.lib opencv_video249d.lib opencv_videostab249d.lib kernel32.lib user32.lib gdi32.lib winspool.lib comdlg32.lib advapi32.lib shell32.lib ole32.lib oleaut32.lib uuid.lib odbc32.lib odbccp32.lib /MANIFEST /ManifestFile:"Debug\DynamicColorTracker.exe.intermediate.manifest" /MANIFESTUAC:"level='asInvoker' uiAccess='false'" /DEBUG /PDB:"C:\Users\Gary Chien\Dropbox\Computer Vision Projects\Visual Studio 2010\Experimentation\DynamicColorTracker\Debug\DynamicColorTracker.pdb" /SUBSYSTEM:CONSOLE /TLBID:1 /DYNAMICBASE /NXCOMPAT /IMPLIB:"C:\Users\Gary Chien\Dropbox\Computer Vision Projects\Visual Studio 2010\Experimentation\DynamicColorTracker\Debug\DynamicColorTracker.lib" /MACHINE:X86 Debug\DynamicColorTracker.exe.embed.manifest.res
         Debug\main.obj
       Manifest:
         C:\Program Files (x86)\Microsoft SDKs\Windows\v7.0A\bin\mt.exe /nologo /verbose /out:"Debug\DynamicColorTracker.exe.embed.manifest" /manifest Debug\DynamicColorTracker.exe.intermediate.manifest
         All outputs are up-to-date.
       LinkEmbedManifest:
         All outputs are up-to-date.
         DynamicColorTracker.vcxproj -> C:\Users\Gary Chien\Dropbox\Computer Vision Projects\Visual Studio 2010\Experimentation\DynamicColorTracker\Debug\DynamicColorTracker.exe
       FinalizeBuildStatus:
         Deleting file "Debug\DynamicColorTracker.unsuccessfulbuild".
         Touching "Debug\DynamicColorTracker.lastbuildstate".
     1>Done Building Project "C:\Users\Gary Chien\Dropbox\Computer Vision Projects\Visual Studio 2010\Experimentation\DynamicColorTracker\DynamicColorTracker\DynamicColorTracker.vcxproj" (build target(s)).

Build succeeded.

Time Elapsed 00:00:01.44
